Arguments: 
  /Users/gmp26/.nvm/versions/node/v10.13.0/bin/node /Users/gmp26/.nvm/versions/node/v10.13.0/bin/yarn

PATH: 
  /Users/gmp26/Downloads/google-cloud-sdk/bin:/Users/gmp26/.nvm/versions/node/v10.13.0/bin:/usr/local/opt/ruby@2.5/bin:/usr/local/bin:/usr/bin:/bin:/usr/sbin:/sbin:/Library/TeX/texbin:/opt/Ghostscript/bin:/opt/X11/bin:/opt/ImageMagick/bin

Yarn version: 
  1.12.3

Node version: 
  10.13.0

Platform: 
  darwin x64

Trace: 
  SyntaxError: /Users/gmp26/clojure/realrisk/package.json: Unexpected token } in JSON at position 667
      at JSON.parse (<anonymous>)
      at /Users/gmp26/.nvm/versions/node/v10.13.0/lib/node_modules/yarn/lib/cli.js:1631:59
      at Generator.next (<anonymous>)
      at step (/Users/gmp26/.nvm/versions/node/v10.13.0/lib/node_modules/yarn/lib/cli.js:304:30)
      at /Users/gmp26/.nvm/versions/node/v10.13.0/lib/node_modules/yarn/lib/cli.js:315:13

npm manifest: 
  {
    "name": "realrisk",
    "version": "1.0.0",
    "description": "## Start",
    "main": "index.js",
    "directories": {
      "test": "test"
    },
    "scripts": {
      "test": "echo \"Error: no test specified\" && exit 1",
      "build": "postcss src-css/tailwind.css -o resources/public/css/tailwind.css",
      "sbuild:watch": "shadow-cljs watch script",
  
      "watch": "shadow-cljs watch app",
      "compile": "shadow-cljs compile app",
      "release": "shadow-cljs release app",
      "html": "mkdir -p target && cp assets/index.html target/",
      "serve": "yarn html && http-server target/",
      "del": "rm -r target/*",
      "sbuild": "yarn release && yarn html && yarn serve",
    },
    "keywords": [],
    "author": "",
    "license": "ISC",
    "dependencies": {
      "autoprefixer": "^9.6.4",
      "postcss-cli": "^6.1.3",
      "tailwindcss": "^1.1.2"
    },
    "devDependencies": {
      "http-server": "^0.11.1",
      "shadow-cljs": "^2.8.62",
      "source-map-support": "^0.5.13",
    }
  }

yarn manifest: 
  No manifest

Lockfile: 
  No lockfile
